ViewPager2Demo/app/build/intermediates/manifest_merge_blame_file/debug/manifest-merger-blame-debug-report.txt
1<?xml version="1.0" encoding="utf-8"?>
2<manifest xmlns:android="http://schemas.android.com/apk/res/android"
3    package="com.example.viewpager2demo"
4    android:versionCode="1"
5    android:versionName="1.0" >
6
7    <uses-sdk
8        android:minSdkVersion="19"
8-->src\main\AndroidManifest.xml
9        android:targetSdkVersion="29" />
9-->src\main\AndroidManifest.xml
10
11    <application
11-->src\main\AndroidManifest.xml:6:5-22:19
12        android:allowBackup="false"
12-->src\main\AndroidManifest.xml:7:9-36
13        android:appComponentFactory="androidx.core.app.CoreComponentFactory"
13-->[androidx.core:core:1.1.0] AndroidManifest.xml:24:18-86
14        android:debuggable="true"
15        android:icon="@mipmap/ic_launcher"
15-->src\main\AndroidManifest.xml:8:9-43
16        android:label="@string/app_name"
16-->src\main\AndroidManifest.xml:9:9-41
17        android:roundIcon="@mipmap/ic_launcher_round"
17-->src\main\AndroidManifest.xml:10:9-54
18        android:supportsRtl="true"
18-->src\main\AndroidManifest.xml:11:9-35
19        android:theme="@style/AppTheme" >
19-->src\main\AndroidManifest.xml:12:9-40
20        <activity android:name="com.example.LauncherActivity" >
20-->src\main\AndroidManifest.xml:14:9-19:20
20-->src\main\AndroidManifest.xml:14:19-62
21            <intent-filter>
21-->src\main\AndroidManifest.xml:15:13-18:29
22                <action android:name="android.intent.action.MAIN" />
22-->src\main\AndroidManifest.xml:16:17-69
22-->src\main\AndroidManifest.xml:16:25-66
23
24                <category android:name="android.intent.category.LAUNCHER" />
24-->src\main\AndroidManifest.xml:17:17-77
24-->src\main\AndroidManifest.xml:17:27-74
25            </intent-filter>
26        </activity>
27        <activity android:name="com.example.viewpagerdemo.MainActivity" />
27-->src\main\AndroidManifest.xml:20:10-75
27-->src\main\AndroidManifest.xml:20:20-73
28        <activity android:name="com.example.viewpager2demo.MainActivity2" />
28-->src\main\AndroidManifest.xml:21:9-76
28-->src\main\AndroidManifest.xml:21:19-74
29    </application>
30
31</manifest>